TN:
SF:app.js
FN:9,(anonymous_0)
FN:13,(anonymous_1)
FN:15,(anonymous_2)
FN:23,(anonymous_3)
FN:34,(anonymous_4)
FN:36,(anonymous_5)
FN:47,(anonymous_6)
FN:49,(anonymous_7)
FNF:8
FNH:8
FNDA:1,(anonymous_0)
FNDA:2,(anonymous_1)
FNDA:3,(anonymous_2)
FNDA:1,(anonymous_3)
FNDA:2,(anonymous_4)
FNDA:6,(anonymous_5)
FNDA:2,(anonymous_6)
FNDA:5,(anonymous_7)
DA:1,1
DA:2,1
DA:3,1
DA:4,1
DA:9,1
DA:10,1
DA:13,1
DA:14,2
DA:15,3
DA:16,2
DA:17,1
DA:19,1
DA:23,1
DA:24,1
DA:30,1
DA:31,1
DA:34,1
DA:35,2
DA:36,6
DA:37,2
DA:38,1
DA:39,1
DA:40,1
DA:41,1
DA:43,1
DA:47,1
DA:48,2
DA:49,5
DA:50,2
DA:51,1
DA:52,1
DA:54,1
DA:57,1
LF:33
LH:33
BRDA:16,0,0,1
BRDA:16,0,1,1
BRDA:37,1,0,1
BRDA:37,1,1,1
BRDA:38,2,0,1
BRDA:38,2,1,0
BRDA:39,3,0,1
BRDA:39,3,1,1
BRDA:40,4,0,1
BRDA:40,4,1,0
BRDA:50,5,0,1
BRDA:50,5,1,1
BRF:12
BRH:10
end_of_record
